0 info it worked if it ends with ok
1 verbose cli [ '/Users/dave/.nvm/versions/node/v4.3.2/bin/node',
1 verbose cli   '/Users/dave/.nvm/versions/node/v4.3.2/bin/npm',
1 verbose cli   'run',
1 verbose cli   'report-coverage' ]
2 info using npm@2.14.12
3 info using node@v4.3.2
4 verbose run-script [ 'prereport-coverage',
4 verbose run-script   'report-coverage',
4 verbose run-script   'postreport-coverage' ]
5 info prereport-coverage letspreview-cli@0.0.0-semantically-released.0
6 info report-coverage letspreview-cli@0.0.0-semantically-released.0
7 verbose unsafe-perm in lifecycle true
8 info letspreview-cli@0.0.0-semantically-released.0 Failed to exec report-coverage script
9 verbose stack Error: letspreview-cli@0.0.0-semantically-released.0 report-coverage: `cat ./coverage/lcov.info | coveralls && rm -rf ./coverage`
9 verbose stack Exit status 1
9 verbose stack     at EventEmitter.<anonymous> (/Users/dave/.nvm/versions/node/v4.3.2/lib/node_modules/npm/lib/utils/lifecycle.js:214:16)
9 verbose stack     at emitTwo (events.js:87:13)
9 verbose stack     at EventEmitter.emit (events.js:172:7)
9 verbose stack     at ChildProcess.<anonymous> (/Users/dave/.nvm/versions/node/v4.3.2/lib/node_modules/npm/lib/utils/spawn.js:24:14)
9 verbose stack     at emitTwo (events.js:87:13)
9 verbose stack     at ChildProcess.emit (events.js:172:7)
9 verbose stack     at maybeClose (internal/child_process.js:821:16)
9 verbose stack     at Process.ChildProcess._handle.onexit (internal/child_process.js:211:5)
10 verbose pkgid letspreview-cli@0.0.0-semantically-released.0
11 verbose cwd /Users/dave/Projects/letspreview-cli
12 error Darwin 16.5.0
13 error argv "/Users/dave/.nvm/versions/node/v4.3.2/bin/node" "/Users/dave/.nvm/versions/node/v4.3.2/bin/npm" "run" "report-coverage"
14 error node v4.3.2
15 error npm  v2.14.12
16 error code ELIFECYCLE
17 error letspreview-cli@0.0.0-semantically-released.0 report-coverage: `cat ./coverage/lcov.info | coveralls && rm -rf ./coverage`
17 error Exit status 1
18 error Failed at the letspreview-cli@0.0.0-semantically-released.0 report-coverage script 'cat ./coverage/lcov.info | coveralls && rm -rf ./coverage'.
18 error This is most likely a problem with the letspreview-cli package,
18 error not with npm itself.
18 error Tell the author that this fails on your system:
18 error     cat ./coverage/lcov.info | coveralls && rm -rf ./coverage
18 error You can get their info via:
18 error     npm owner ls letspreview-cli
18 error There is likely additional logging output above.
19 verbose exit [ 1, true ]
