I, [2017-04-07T23:01:57.594122 #12059]  INFO -- : Registered expected interaction POST /publish/hello
D, [2017-04-07T23:01:57.596521 #12059] DEBUG -- : {
  "description": "a request with an invalid API key",
  "provider_state": "Unauthorized",
  "request": {
    "method": "POST",
    "path": "/publish/hello",
    "headers": {
      "Authorization": "token invalid-key"
    }
  },
  "response": {
    "status": 401,
    "headers": {
    },
    "body": "Unauthorized"
  }
}
I, [2017-04-07T23:01:57.599488 #12059]  INFO -- : Registered expected interaction POST /publish/hello
D, [2017-04-07T23:01:57.599723 #12059] DEBUG -- : {
  "description": "a request with a valid API key",
  "provider_state": "Successful Publish",
  "request": {
    "method": "POST",
    "path": "/publish/hello",
    "headers": {
      "Authorization": "token cj14eo1fi00003j63wol5j77n"
    }
  },
  "response": {
    "status": 200,
    "headers": {
    },
    "body": "The contents of spec-data were successfully uploaded and may be accessed via https://hello.letsprview.io/"
  }
}
I, [2017-04-07T23:02:10.547442 #12059]  INFO -- : Received request POST /publish/hello
E, [2017-04-07T23:02:10.557072 #12059] ERROR -- : Error ocurred in mock service: Encoding::UndefinedConversionError - "\x8B" from ASCII-8BIT to UTF-8
E, [2017-04-07T23:02:10.557225 #12059] ERROR -- : /Users/dave/Projects/letspreview-cli/node_modules/@pact-foundation/pact-mock-service-darwin/lib/app/lib/pact/mock_service/request_handlers/interaction_replay.rb:16:in `encode'
/Users/dave/Projects/letspreview-cli/node_modules/@pact-foundation/pact-mock-service-darwin/lib/app/lib/pact/mock_service/request_handlers/interaction_replay.rb:16:in `to_json'
/Users/dave/Projects/letspreview-cli/node_modules/@pact-foundation/pact-mock-service-darwin/lib/app/lib/pact/mock_service/request_handlers/interaction_replay.rb:16:in `pretty_generate'
/Users/dave/Projects/letspreview-cli/node_modules/@pact-foundation/pact-mock-service-darwin/lib/app/lib/pact/mock_service/request_handlers/interaction_replay.rb:48:in `find_response'
/Users/dave/Projects/letspreview-cli/node_modules/@pact-foundation/pact-mock-service-darwin/lib/app/lib/pact/mock_service/request_handlers/interaction_replay.rb:40:in `respond'
/Users/dave/Projects/letspreview-cli/node_modules/@pact-foundation/pact-mock-service-darwin/lib/app/lib/pact/mock_service/request_handlers/base_request_handler.rb:17:in `call'
/Users/dave/Projects/letspreview-cli/node_modules/@pact-foundation/pact-mock-service-darwin/lib/vendor/ruby/2.2.0/gems/rack-2.0.1/lib/rack/cascade.rb:33:in `block in call'
/Users/dave/Projects/letspreview-cli/node_modules/@pact-foundation/pact-mock-service-darwin/lib/vendor/ruby/2.2.0/gems/rack-2.0.1/lib/rack/cascade.rb:24:in `each'
/Users/dave/Projects/letspreview-cli/node_modules/@pact-foundation/pact-mock-service-darwin/lib/vendor/ruby/2.2.0/gems/rack-2.0.1/lib/rack/cascade.rb:24:in `call'
/Users/dave/Projects/letspreview-cli/node_modules/@pact-foundation/pact-mock-service-darwin/lib/app/lib/pact/consumer/mock_service/cors_origin_header_middleware.rb:11:in `call'
/Users/dave/Projects/letspreview-cli/node_modules/@pact-foundation/pact-mock-service-darwin/lib/app/lib/pact/consumer/mock_service/error_handler.rb:13:in `call'
/Users/dave/Projects/letspreview-cli/node_modules/@pact-foundation/pact-mock-service-darwin/lib/app/lib/pact/mock_service/app.rb:32:in `call'
/Users/dave/Projects/letspreview-cli/node_modules/@pact-foundation/pact-mock-service-darwin/lib/app/lib/pact/consumer/mock_service/set_location.rb:14:in `call'
/Users/dave/Projects/letspreview-cli/node_modules/@pact-foundation/pact-mock-service-darwin/lib/vendor/ruby/2.2.0/gems/rack-2.0.1/lib/rack/handler/webrick.rb:86:in `service'
/Users/dave/Projects/letspreview-cli/node_modules/@pact-foundation/pact-mock-service-darwin/lib/vendor/ruby/2.2.0/gems/webrick-1.3.1/lib/webrick/httpserver.rb:138:in `service'
/Users/dave/Projects/letspreview-cli/node_modules/@pact-foundation/pact-mock-service-darwin/lib/vendor/ruby/2.2.0/gems/webrick-1.3.1/lib/webrick/httpserver.rb:94:in `run'
/Users/dave/Projects/letspreview-cli/node_modules/@pact-foundation/pact-mock-service-darwin/lib/vendor/ruby/2.2.0/gems/webrick-1.3.1/lib/webrick/server.rb:191:in `block in start_thread'
